build/app/intermediates/manifest_merge_blame_file/debug/manifest-merger-blame-debug-report.txt
1<?xml version="1.0" encoding="utf-8"?>
2<manifest xmlns:android="http://schemas.android.com/apk/res/android"
3    package="com.example.cubit_test"
4    android:versionCode="1"
5    android:versionName="1.0.0" >
6
7    <uses-sdk
7-->src/main/AndroidManifest.xml:4:5-43
8        android:minSdkVersion="19"
8-->src/main/AndroidManifest.xml:4:15-41
9        android:targetSdkVersion="33" />
10    <!--
11         The INTERNET permission is required for development. Specifically,
12         the Flutter tool needs it to communicate with the running application
13         to allow setting breakpoints, to provide hot reload, etc.
14    -->
15    <uses-permission android:name="android.permission.INTERNET" />
15-->src/main/AndroidManifest.xml:2:5-67
15-->src/main/AndroidManifest.xml:2:22-64
16    <uses-permission android:name="android.permission.NFC" />
16-->src/main/AndroidManifest.xml:3:5-62
16-->src/main/AndroidManifest.xml:3:22-59
17
18    <uses-feature
18-->src/main/AndroidManifest.xml:5:5-81
19        android:name="android.hardware.nfc"
19-->src/main/AndroidManifest.xml:5:19-54
20        android:required="true" />
20-->src/main/AndroidManifest.xml:5:55-78
21
22    <uses-permission android:name="android.permission.WAKE_LOCK" />
22-->[:firebase_messaging] AndroidManifest.xml:10:5-68
22-->[:firebase_messaging] AndroidManifest.xml:10:22-65
23    <uses-permission android:name="android.permission.ACCESS_NETWORK_STATE" /> <!-- Permissions options for the `notification` group -->
23-->[:firebase_messaging] AndroidManifest.xml:11:5-79
23-->[:firebase_messaging] AndroidManifest.xml:11:22-76
24    <uses-permission android:name="android.permission.POST_NOTIFICATIONS" /> <!-- Required by older versions of Google Play services to create IID tokens -->
24-->[:firebase_messaging] AndroidManifest.xml:13:5-77
24-->[:firebase_messaging] AndroidManifest.xml:13:22-74
25    <uses-permission android:name="com.google.android.c2dm.permission.RECEIVE" />
25-->[com.google.firebase:firebase-iid:21.1.0] AndroidManifest.xml:26:5-82
25-->[com.google.firebase:firebase-iid:21.1.0] AndroidManifest.xml:26:22-79
26
27    <application
28        android:name="android.app.Application"
29        android:appComponentFactory="androidx.core.app.CoreComponentFactory"
29-->[androidx.core:core:1.6.0] AndroidManifest.xml:24:18-86
30        android:debuggable="true"
31        android:icon="@mipmap/ic_launcher"
32        android:label="cubit_test" >
33        <activity
34            android:name="com.example.cubit_test.MainActivity"
35            android:configChanges="orientation|keyboardHidden|keyboard|screenSize|smallestScreenSize|locale|layoutDirection|fontScale|screenLayout|density|uiMode"
36            android:exported="true"
37            android:hardwareAccelerated="true"
38            android:launchMode="singleTop"
39            android:theme="@style/LaunchTheme"
40            android:windowSoftInputMode="adjustResize" >
41
42            <!--
43                 Specifies an Android theme to apply to this Activity as soon as
44                 the Android process has started. This theme is visible to the user
45                 while the Flutter UI initializes. After that, this theme continues
46                 to determine the Window background behind the Flutter UI.
47            -->
48            <meta-data
49                android:name="io.flutter.embedding.android.NormalTheme"
50                android:resource="@style/NormalTheme" />
51
52            <intent-filter>
53                <action android:name="android.intent.action.MAIN" />
54
55                <category android:name="android.intent.category.LAUNCHER" />
56            </intent-filter>
57        </activity>
58        <!--
59             Don't delete the meta-data below.
60             This is used by the Flutter tool to generate GeneratedPluginRegistrant.java
61        -->
62        <meta-data
63            android:name="flutterEmbedding"
64            android:value="2" />
65
66        <service
66-->[:firebase_messaging] AndroidManifest.xml:16:9-19:72
67            android:name="io.flutter.plugins.firebase.messaging.FlutterFirebaseMessagingBackgroundService"
67-->[:firebase_messaging] AndroidManifest.xml:17:13-107
68            android:exported="false"
68-->[:firebase_messaging] AndroidManifest.xml:18:13-37
69            android:permission="android.permission.BIND_JOB_SERVICE" />
69-->[:firebase_messaging] AndroidManifest.xml:19:13-69
70        <service
70-->[:firebase_messaging] AndroidManifest.xml:20:9-26:19
71            android:name="io.flutter.plugins.firebase.messaging.FlutterFirebaseMessagingService"
71-->[:firebase_messaging] AndroidManifest.xml:21:13-97
72            android:exported="false" >
72-->[:firebase_messaging] AndroidManifest.xml:22:13-37
73            <intent-filter>
73-->[:firebase_messaging] AndroidManifest.xml:23:13-25:29
74                <action android:name="com.google.firebase.MESSAGING_EVENT" />
74-->[:firebase_messaging] AndroidManifest.xml:24:17-78
74-->[:firebase_messaging] AndroidManifest.xml:24:25-75
75            </intent-filter>
76        </service>
77
78        <receiver
78-->[:firebase_messaging] AndroidManifest.xml:28:9-35:20
79            android:name="io.flutter.plugins.firebase.messaging.FlutterFirebaseMessagingReceiver"
79-->[:firebase_messaging] AndroidManifest.xml:29:13-98
80            android:exported="true"
80-->[:firebase_messaging] AndroidManifest.xml:30:13-36
81            android:permission="com.google.android.c2dm.permission.SEND" >
81-->[:firebase_messaging] AndroidManifest.xml:31:13-73
82            <intent-filter>
82-->[:firebase_messaging] AndroidManifest.xml:32:13-34:29
83                <action android:name="com.google.android.c2dm.intent.RECEIVE" />
83-->[:firebase_messaging] AndroidManifest.xml:33:17-81
83-->[:firebase_messaging] AndroidManifest.xml:33:25-78
84            </intent-filter>
85        </receiver>
86
87        <service
87-->[:firebase_messaging] AndroidManifest.xml:37:9-41:19
88            android:name="com.google.firebase.components.ComponentDiscoveryService"
88-->[:firebase_messaging] AndroidManifest.xml:37:18-89
89            android:directBootAware="true"
89-->[com.google.firebase:firebase-common:20.3.2] AndroidManifest.xml:34:13-43
90            android:exported="false" >
90-->[com.google.firebase:firebase-iid:21.1.0] AndroidManifest.xml:31:13-37
91            <meta-data
91-->[:firebase_messaging] AndroidManifest.xml:38:13-40:85
92                android:name="com.google.firebase.components:io.flutter.plugins.firebase.messaging.FlutterFirebaseAppRegistrar"
92-->[:firebase_messaging] AndroidManifest.xml:39:17-128
93                android:value="com.google.firebase.components.ComponentRegistrar" />
93-->[:firebase_messaging] AndroidManifest.xml:40:17-82
94            <meta-data
94-->[:firebase_core] AndroidManifest.xml:11:13-13:85
95                android:name="com.google.firebase.components:io.flutter.plugins.firebase.core.FlutterFirebaseCoreRegistrar"
95-->[:firebase_core] AndroidManifest.xml:12:17-124
96                android:value="com.google.firebase.components.ComponentRegistrar" />
96-->[:firebase_core] AndroidManifest.xml:13:17-82
97            <meta-data
97-->[com.google.firebase:firebase-iid:21.1.0] AndroidManifest.xml:32:13-34:85
98                android:name="com.google.firebase.components:com.google.firebase.iid.Registrar"
98-->[com.google.firebase:firebase-iid:21.1.0] AndroidManifest.xml:33:17-96
99                android:value="com.google.firebase.components.ComponentRegistrar" />
99-->[com.google.firebase:firebase-iid:21.1.0] AndroidManifest.xml:34:17-82
100            <meta-data
100-->[com.google.firebase:firebase-messaging:23.1.2] AndroidManifest.xml:55:13-57:85
101                android:name="com.google.firebase.components:com.google.firebase.messaging.FirebaseMessagingRegistrar"
101-->[com.google.firebase:firebase-messaging:23.1.2] AndroidManifest.xml:56:17-119
102                android:value="com.google.firebase.components.ComponentRegistrar" />
102-->[com.google.firebase:firebase-messaging:23.1.2] AndroidManifest.xml:57:17-82
103            <meta-data
103-->[com.google.firebase:firebase-installations:17.1.3] AndroidManifest.xml:17:13-19:85
104                android:name="com.google.firebase.components:com.google.firebase.installations.FirebaseInstallationsRegistrar"
104-->[com.google.firebase:firebase-installations:17.1.3] AndroidManifest.xml:18:17-127
105                android:value="com.google.firebase.components.ComponentRegistrar" />
105-->[com.google.firebase:firebase-installations:17.1.3] AndroidManifest.xml:19:17-82
106            <meta-data
106-->[com.google.firebase:firebase-datatransport:18.1.7] AndroidManifest.xml:27:13-29:85
107                android:name="com.google.firebase.components:com.google.firebase.datatransport.TransportRegistrar"
107-->[com.google.firebase:firebase-datatransport:18.1.7] AndroidManifest.xml:28:17-115
108                android:value="com.google.firebase.components.ComponentRegistrar" />
108-->[com.google.firebase:firebase-datatransport:18.1.7] AndroidManifest.xml:29:17-82
109        </service>
110
111        <provider
111-->[:firebase_messaging] AndroidManifest.xml:43:9-47:38
112            android:name="io.flutter.plugins.firebase.messaging.FlutterFirebaseMessagingInitProvider"
112-->[:firebase_messaging] AndroidManifest.xml:44:13-102
113            android:authorities="com.example.cubit_test.flutterfirebasemessaginginitprovider"
113-->[:firebase_messaging] AndroidManifest.xml:45:13-88
114            android:exported="false"
114-->[:firebase_messaging] AndroidManifest.xml:46:13-37
115            android:initOrder="99" />
115-->[:firebase_messaging] AndroidManifest.xml:47:13-35
116
117        <uses-library
117-->[androidx.window:window:1.0.0-beta04] AndroidManifest.xml:25:9-27:40
118            android:name="androidx.window.extensions"
118-->[androidx.window:window:1.0.0-beta04] AndroidManifest.xml:26:13-54
119            android:required="false" />
119-->[androidx.window:window:1.0.0-beta04] AndroidManifest.xml:27:13-37
120        <uses-library
120-->[androidx.window:window:1.0.0-beta04] AndroidManifest.xml:28:9-30:40
121            android:name="androidx.window.sidecar"
121-->[androidx.window:window:1.0.0-beta04] AndroidManifest.xml:29:13-51
122            android:required="false" />
122-->[androidx.window:window:1.0.0-beta04] AndroidManifest.xml:30:13-37
123
124        <receiver
124-->[com.google.firebase:firebase-messaging:23.1.2] AndroidManifest.xml:31:9-38:20
125            android:name="com.google.firebase.iid.FirebaseInstanceIdReceiver"
125-->[com.google.firebase:firebase-messaging:23.1.2] AndroidManifest.xml:32:13-78
126            android:exported="true"
126-->[com.google.firebase:firebase-messaging:23.1.2] AndroidManifest.xml:33:13-36
127            android:permission="com.google.android.c2dm.permission.SEND" >
127-->[com.google.firebase:firebase-messaging:23.1.2] AndroidManifest.xml:34:13-73
128            <intent-filter>
128-->[:firebase_messaging] AndroidManifest.xml:32:13-34:29
129                <action android:name="com.google.android.c2dm.intent.RECEIVE" />
129-->[:firebase_messaging] AndroidManifest.xml:33:17-81
129-->[:firebase_messaging] AndroidManifest.xml:33:25-78
130            </intent-filter>
131        </receiver>
132        <!--
133             FirebaseMessagingService performs security checks at runtime,
134             but set to not exported to explicitly avoid allowing another app to call it.
135        -->
136        <service
136-->[com.google.firebase:firebase-messaging:23.1.2] AndroidManifest.xml:44:9-51:19
137            android:name="com.google.firebase.messaging.FirebaseMessagingService"
137-->[com.google.firebase:firebase-messaging:23.1.2] AndroidManifest.xml:45:13-82
138            android:directBootAware="true"
138-->[com.google.firebase:firebase-messaging:23.1.2] AndroidManifest.xml:46:13-43
139            android:exported="false" >
139-->[com.google.firebase:firebase-messaging:23.1.2] AndroidManifest.xml:47:13-37
140            <intent-filter android:priority="-500" >
140-->[:firebase_messaging] AndroidManifest.xml:23:13-25:29
141                <action android:name="com.google.firebase.MESSAGING_EVENT" />
141-->[:firebase_messaging] AndroidManifest.xml:24:17-78
141-->[:firebase_messaging] AndroidManifest.xml:24:25-75
142            </intent-filter>
143        </service>
144
145        <provider
145-->[com.google.firebase:firebase-common:20.3.2] AndroidManifest.xml:25:9-30:39
146            android:name="com.google.firebase.provider.FirebaseInitProvider"
146-->[com.google.firebase:firebase-common:20.3.2] AndroidManifest.xml:26:13-77
147            android:authorities="com.example.cubit_test.firebaseinitprovider"
147-->[com.google.firebase:firebase-common:20.3.2] AndroidManifest.xml:27:13-72
148            android:directBootAware="true"
148-->[com.google.firebase:firebase-common:20.3.2] AndroidManifest.xml:28:13-43
149            android:exported="false"
149-->[com.google.firebase:firebase-common:20.3.2] AndroidManifest.xml:29:13-37
150            android:initOrder="100" />
150-->[com.google.firebase:firebase-common:20.3.2] AndroidManifest.xml:30:13-36
151
152        <activity
152-->[com.google.android.gms:play-services-base:18.0.1] AndroidManifest.xml:20:9-22:45
153            android:name="com.google.android.gms.common.api.GoogleApiActivity"
153-->[com.google.android.gms:play-services-base:18.0.1] AndroidManifest.xml:20:19-85
154            android:exported="false"
154-->[com.google.android.gms:play-services-base:18.0.1] AndroidManifest.xml:22:19-43
155            android:theme="@android:style/Theme.Translucent.NoTitleBar" />
155-->[com.google.android.gms:play-services-base:18.0.1] AndroidManifest.xml:21:19-78
156
157        <meta-data
157-->[com.google.android.gms:play-services-basement:18.1.0] AndroidManifest.xml:21:9-23:69
158            android:name="com.google.android.gms.version"
158-->[com.google.android.gms:play-services-basement:18.1.0] AndroidManifest.xml:22:13-58
159            android:value="@integer/google_play_services_version" />
159-->[com.google.android.gms:play-services-basement:18.1.0] AndroidManifest.xml:23:13-66
160
161        <service
161-->[com.google.android.datatransport:transport-backend-cct:3.1.8] AndroidManifest.xml:28:9-34:19
162            android:name="com.google.android.datatransport.runtime.backends.TransportBackendDiscovery"
162-->[com.google.android.datatransport:transport-backend-cct:3.1.8] AndroidManifest.xml:29:13-103
163            android:exported="false" >
163-->[com.google.android.datatransport:transport-backend-cct:3.1.8] AndroidManifest.xml:30:13-37
164            <meta-data
164-->[com.google.android.datatransport:transport-backend-cct:3.1.8] AndroidManifest.xml:31:13-33:39
165                android:name="backend:com.google.android.datatransport.cct.CctBackendFactory"
165-->[com.google.android.datatransport:transport-backend-cct:3.1.8] AndroidManifest.xml:32:17-94
166                android:value="cct" />
166-->[com.google.android.datatransport:transport-backend-cct:3.1.8] AndroidManifest.xml:33:17-36
167        </service>
168        <service
168-->[com.google.android.datatransport:transport-runtime:3.1.8] AndroidManifest.xml:26:9-30:19
169            android:name="com.google.android.datatransport.runtime.scheduling.jobscheduling.JobInfoSchedulerService"
169-->[com.google.android.datatransport:transport-runtime:3.1.8] AndroidManifest.xml:27:13-117
170            android:exported="false"
170-->[com.google.android.datatransport:transport-runtime:3.1.8] AndroidManifest.xml:28:13-37
171            android:permission="android.permission.BIND_JOB_SERVICE" >
171-->[com.google.android.datatransport:transport-runtime:3.1.8] AndroidManifest.xml:29:13-69
172        </service>
173
174        <receiver
174-->[com.google.android.datatransport:transport-runtime:3.1.8] AndroidManifest.xml:32:9-34:40
175            android:name="com.google.android.datatransport.runtime.scheduling.jobscheduling.AlarmManagerSchedulerBroadcastReceiver"
175-->[com.google.android.datatransport:transport-runtime:3.1.8] AndroidManifest.xml:33:13-132
176            android:exported="false" />
176-->[com.google.android.datatransport:transport-runtime:3.1.8] AndroidManifest.xml:34:13-37
177    </application>
178
179</manifest>